<?xml version="1.0" encoding="UTF-8"?>
<!-- Generated by org.testng.reporters.JUnitReportReporter -->
<testsuite hostname="LAPTOP-U6SR95JA" failures="0" tests="1" name="APIpro" time="10.901" errors="0" timestamp="17 Aug 2023 06:19:51 GMT" skipped="0">
  <testcase classname="APIpro" name="unsuccessful" time="10.901"/>
</testsuite> <!-- APIpro -->
